<?xml version="1.0" encoding="UTF-8"?>
<testsuite name="com.ryanporterfield.bottlerocket.repository.RepositoryIntegrationTest" tests="1" skipped="0" failures="0" errors="0" timestamp="2021-11-08T08:46:23" hostname="MIRANDALAWSON" time="0.652">
  <properties/>
  <testcase name="GIVEN invalid containerId WHEN listAdvertisements THEN returns empty list()" classname="com.ryanporterfield.bottlerocket.repository.RepositoryIntegrationTest" time="0.652"/>
  <system-out><![CDATA[]]></system-out>
  <system-err><![CDATA[]]></system-err>
</testsuite>
